<?xml version="1.0" encoding="UTF-8"?>
<!-- Generated by org.testng.reporters.JUnitXMLReporter -->
<testsuite ignored="0" hostname="DESKTOP-KIHURRJ" failures="0" tests="4" name="annotation" time="0.295" errors="0" timestamp="2023-10-04T08:34:26 IST">
  <testcase classname="TestNG.TC1" name="test1" time="0.026"/>
  <testcase classname="TestNG.TC1" name="test2" time="0.008"/>
  <testcase classname="TestNG.TC2" name="test3" time="0.009"/>
  <testcase classname="TestNG.TC2" name="test4" time="0.005"/>
</testsuite> <!-- annotation -->
