<?xml version="1.0" encoding="UTF-8"?>
<!-- Generated by org.testng.reporters.JUnitXMLReporter -->
<testsuite ignored="5" hostname="DESKTOP-KIHURRJ" failures="0" tests="1" name="CurrentAccount" time="0.062" errors="0" timestamp="2023-10-05T17:13:03 IST">
  <testcase classname="TestNG_Programs.EnabledOrDisabled" name="ApiLoginAutomobileLoan" time="0.011"/>
  <testcase classname="TestNG_Programs.EnabledOrDisabled" name="ApiLoginPersonalLoan" time="0.0">
    <ignored/>
  </testcase> <!-- ApiLoginPersonalLoan -->
  <testcase classname="TestNG_Programs.EnabledOrDisabled" name="MobileLoginAutomobileLoan" time="0.0">
    <ignored/>
  </testcase> <!-- MobileLoginAutomobileLoan -->
  <testcase classname="TestNG_Programs.EnabledOrDisabled" name="WebLoginPersonalLoan" time="0.0">
    <ignored/>
  </testcase> <!-- WebLoginPersonalLoan -->
  <testcase classname="TestNG_Programs.EnabledOrDisabled" name="WebLoginAutomobileLoan" time="0.0">
    <ignored/>
  </testcase> <!-- WebLoginAutomobileLoan -->
  <testcase classname="TestNG_Programs.EnabledOrDisabled" name="MobileLoginPersonalLoan" time="0.0">
    <ignored/>
  </testcase> <!-- MobileLoginPersonalLoan -->
</testsuite> <!-- CurrentAccount -->
