<?xml version="1.0" encoding="UTF-8"?>
<!-- Generated by org.testng.reporters.JUnitXMLReporter -->
<testsuite ignored="0" hostname="DESKTOP-KIHURRJ" failures="0" tests="5" name="GroupingTest" time="0.075" errors="0" timestamp="2023-10-05T17:32:20 IST">
  <testcase classname="TestNG.GroupingExample" name="test1" time="0.009"/>
  <testcase classname="TestNG.GroupingExample" name="test2" time="0.002"/>
  <testcase classname="TestNG.GroupingExample" name="test3" time="0.001"/>
  <testcase classname="TestNG.GroupingExample" name="test4" time="0.002"/>
  <testcase classname="TestNG.GroupingExample" name="test5" time="0.002"/>
</testsuite> <!-- GroupingTest -->
