<?xml version="1.0" encoding="UTF-8"?>
<!-- Generated by org.testng.reporters.JUnitXMLReporter -->
<testsuite ignored="0" hostname="DESKTOP-KIHURRJ" failures="0" tests="2" name="ParametersTest2" time="0.047" errors="0" timestamp="2023-10-04T14:11:50 IST">
  <testcase classname="TestNG.ParametersExample" name="logoTest" time="0.0">
    <skipped/>
  </testcase> <!-- logoTest -->
  <testcase classname="TestNG.ParametersExample" name="homePageTitle" time="0.001">
    <skipped/>
  </testcase> <!-- homePageTitle -->
</testsuite> <!-- ParametersTest2 -->
