<?xml version="1.0" encoding="UTF-8"?>
<!-- Generated by org.testng.reporters.JUnitXMLReporter -->
<testsuite ignored="0" hostname="DESKTOP-KIHURRJ" failures="0" tests="2" name="ParametersTest1" time="0.202" errors="0" timestamp="2023-10-04T14:11:50 IST">
  <testcase classname="TestNG.ParametersExample" name="@BeforeClass setup" time="0.046">
    <failure type="java.lang.Error" message="Unresolved compilation problems: 
	Syntax error on token &amp;quot;:&amp;quot;, invalid AssignmentOperator
	Syntax error on token &amp;quot;:&amp;quot;, invalid AssignmentOperator
">
      <![CDATA[java.lang.Error: Unresolved compilation problems: 
Syntax error on token ":", invalid AssignmentOperator
Syntax error on token ":", invalid AssignmentOperator

at TestNG.ParametersExample.setup(ParametersExample.java:24)
at java.base/java.util.ArrayList.forEach(ArrayList.java:1511)
... Removed 23 stack frames]]>
    </failure>
  </testcase> <!-- @BeforeClass setup -->
  <testcase classname="TestNG.ParametersExample" name="@AfterClass tearDown" time="0.0">
    <skipped/>
  </testcase> <!-- @AfterClass tearDown -->
  <testcase classname="TestNG.ParametersExample" name="logoTest" time="0.0">
    <skipped/>
  </testcase> <!-- logoTest -->
  <testcase classname="TestNG.ParametersExample" name="homePageTitle" time="0.0">
    <skipped/>
  </testcase> <!-- homePageTitle -->
</testsuite> <!-- ParametersTest1 -->
