<?xml version="1.0" encoding="UTF-8"?>
<!-- Generated by org.testng.reporters.JUnitXMLReporter -->
<testsuite ignored="0" hostname="DESKTOP-KIHURRJ" failures="0" tests="2" name="ParametersTest" time="2.102" errors="0" timestamp="2023-10-04T10:57:22 IST">
  <testcase classname="TestNG.ParametersExample" name="@BeforeClass setup" time="2.01">
    <failure type="java.lang.NullPointerException" message="Cannot invoke &amp;quot;org.openqa.selenium.WebDriver.get(String)&amp;quot; because &amp;quot;this.driver&amp;quot; is null">
      <![CDATA[java.lang.NullPointerException: Cannot invoke "org.openqa.selenium.WebDriver.get(String)" because "this.driver" is null
at TestNG.ParametersExample.setup(ParametersExample.java:35)
at java.base/java.util.ArrayList.forEach(ArrayList.java:1511)
... Removed 23 stack frames]]>
    </failure>
  </testcase> <!-- @BeforeClass setup -->
  <testcase classname="TestNG.ParametersExample" name="@AfterClass tearDown" time="0.0">
    <skipped/>
  </testcase> <!-- @AfterClass tearDown -->
  <testcase classname="TestNG.ParametersExample" name="logoTest" time="0.0">
    <skipped/>
  </testcase> <!-- logoTest -->
  <testcase classname="TestNG.ParametersExample" name="homePageTitle" time="0.0">
    <skipped/>
  </testcase> <!-- homePageTitle -->
</testsuite> <!-- ParametersTest -->
