<?xml version="1.0" encoding="UTF-8"?>
<!-- Generated by org.testng.reporters.JUnitXMLReporter -->
<testsuite ignored="0" hostname="DESKTOP-KIHURRJ" failures="0" tests="6" name="Sanity Tests" time="0.079" errors="0" timestamp="2023-10-06T20:26:15 IST">
  <testcase classname="BatchTesting.LoginTest" name="loginByemail" time="0.009"/>
  <testcase classname="BatchTesting.LoginTest" name="loginByfacebook" time="0.003"/>
  <testcase classname="BatchTesting.LoginTest" name="loginBytwitter" time="0.002"/>
  <testcase classname="BatchTesting.SignupTest" name="signupByemail" time="0.001"/>
  <testcase classname="BatchTesting.SignupTest" name="signupByfacebook" time="0.004"/>
  <testcase classname="BatchTesting.SignupTest" name="signupBytwitter" time="0.001"/>
</testsuite> <!-- Sanity Tests -->
