<?xml version="1.0" encoding="UTF-8"?>
<!-- Generated by org.testng.reporters.JUnitXMLReporter -->
<testsuite ignored="1" hostname="DESKTOP-KIHURRJ" failures="0" tests="3" name="Team" time="0.075" errors="0" timestamp="2023-10-05T17:16:56 IST">
  <testcase classname="TestNG_Programs.Groups_Demo" name="akash" time="0.01"/>
  <testcase classname="TestNG_Programs.Groups_Demo" name="aman" time="0.002"/>
  <testcase classname="TestNG_Programs.Groups_Demo" name="ashish" time="0.002"/>
  <testcase classname="TestNG_Programs.Groups_Demo" name="bhart" time="0.0">
    <ignored/>
  </testcase> <!-- bhart -->
</testsuite> <!-- Team -->
