<?xml version="1.0" encoding="UTF-8"?>
<!-- Generated by org.testng.reporters.JUnitXMLReporter -->
<testsuite ignored="0" hostname="DESKTOP-KIHURRJ" failures="0" tests="5" name="SanityTest" time="0.183" errors="0" timestamp="2023-10-04T19:27:24 IST">
  <testcase classname="TestNG_Programs.LoginTest" name="LoginByEmail" time="0.032"/>
  <testcase classname="TestNG_Programs.LoginTest" name="LoginByMobileNumber" time="0.002"/>
  <testcase classname="TestNG_Programs.HomeScreenTest" name="LaunchApplication" time="0.002"/>
  <testcase classname="TestNG_Programs.HomeScreenTest" name="VerifyLogo" time="0.003"/>
  <testcase classname="TestNG_Programs.HomeScreenTest" name="VerifyTitle" time="0.002"/>
</testsuite> <!-- SanityTest -->
