<?xml version="1.0" encoding="UTF-8"?>
<!-- Generated by org.testng.reporters.JUnitXMLReporter -->
<testsuite ignored="0" hostname="DESKTOP-KIHURRJ" failures="0" tests="3" name="Functional Tests" time="0.019" errors="0" timestamp="2023-10-06T21:02:06 IST">
  <testcase classname="BatchTesting.PaymentTest" name="paymentindollar" time="0.003"/>
  <testcase classname="BatchTesting.PaymentTest" name="paymentinrupees" time="0.002"/>
  <testcase classname="BatchTesting.PaymentReturns" name="paymentReturnBybank" time="0.004"/>
</testsuite> <!-- Functional Tests -->
