<?xml version="1.0" encoding="UTF-8"?>
<!-- Generated by org.testng.reporters.JUnitXMLReporter -->
<testsuite ignored="0" hostname="DESKTOP-KIHURRJ" failures="0" tests="5" name="FunctionalTest" time="0.072" errors="0" timestamp="2023-10-04T19:27:24 IST">
  <testcase classname="TestNG_Programs.ProductPageTest" name="AddProductToCart" time="0.002"/>
  <testcase classname="TestNG_Programs.ProductPageTest" name="AddProductToWatchList" time="0.008"/>
  <testcase classname="TestNG_Programs.ProductPageTest" name="SelectQuantity" time="0.01"/>
  <testcase classname="TestNG_Programs.PaymentTest" name="CashOnDeliver" time="0.004"/>
  <testcase classname="TestNG_Programs.PaymentTest" name="NetBanking" time="0.002"/>
</testsuite> <!-- FunctionalTest -->
